Unity/Library/Bee/Android/Prj/IL2CPP/Gradle/launcher/build/intermediates/manifest_merge_blame_file/release/processReleaseMainManifest/manifest-merger-blame-release-report.txt
1<?xml version="1.0" encoding="utf-8"?>
2<manifest xmlns:android="http://schemas.android.com/apk/res/android"
3    package="sosxr.tutorialtemplate.com"
4    android:installLocation="preferExternal"
5    android:versionCode="1"
6    android:versionName="0.1.0" >
7
8    <uses-sdk
9        android:minSdkVersion="23"
10        android:targetSdkVersion="35" />
11
12    <supports-screens
12-->src/main/AndroidManifest.xml:4:3-163
13        android:anyDensity="true"
13-->src/main/AndroidManifest.xml:4:135-160
14        android:largeScreens="true"
14-->src/main/AndroidManifest.xml:4:78-105
15        android:normalScreens="true"
15-->src/main/AndroidManifest.xml:4:49-77
16        android:smallScreens="true"
16-->src/main/AndroidManifest.xml:4:21-48
17        android:xlargeScreens="true" />
17-->src/main/AndroidManifest.xml:4:106-134
18
19    <uses-permission android:name="android.permission.INTERNET" />
19-->[:unityLibrary] AndroidManifest.xml:8:5-67
19-->[:unityLibrary] AndroidManifest.xml:8:22-64
20
21    <uses-feature android:glEsVersion="0x00030000" />
21-->[:unityLibrary] AndroidManifest.xml:10:5-54
21-->[:unityLibrary] AndroidManifest.xml:10:19-51
22    <uses-feature
22-->[:unityLibrary] AndroidManifest.xml:11:5-13:36
23        android:name="android.hardware.vulkan.version"
23-->[:unityLibrary] AndroidManifest.xml:12:9-55
24        android:required="false" />
24-->[:unityLibrary] AndroidManifest.xml:13:9-33
25    <uses-feature
25-->[:unityLibrary] AndroidManifest.xml:14:5-16:36
26        android:name="android.hardware.touchscreen"
26-->[:unityLibrary] AndroidManifest.xml:15:9-52
27        android:required="false" />
27-->[:unityLibrary] AndroidManifest.xml:16:9-33
28    <uses-feature
28-->[:unityLibrary] AndroidManifest.xml:17:5-19:36
29        android:name="android.hardware.touchscreen.multitouch"
29-->[:unityLibrary] AndroidManifest.xml:18:9-63
30        android:required="false" />
30-->[:unityLibrary] AndroidManifest.xml:19:9-33
31    <uses-feature
31-->[:unityLibrary] AndroidManifest.xml:20:5-22:36
32        android:name="android.hardware.touchscreen.multitouch.distinct"
32-->[:unityLibrary] AndroidManifest.xml:21:9-72
33        android:required="false" />
33-->[:unityLibrary] AndroidManifest.xml:22:9-33
34    <uses-feature
34-->[:unityLibrary:xrmanifest.androidlib] AndroidManifest.xml:7:5-10:31
35        android:name="android.hardware.vr.headtracking"
35-->[:unityLibrary:xrmanifest.androidlib] AndroidManifest.xml:8:9-56
36        android:required="true"
36-->[:unityLibrary:xrmanifest.androidlib] AndroidManifest.xml:9:9-32
37        android:version="1" />
37-->[:unityLibrary:xrmanifest.androidlib] AndroidManifest.xml:10:9-28
38
39    <permission
39-->[androidx.core:core:1.9.0] AndroidManifest.xml:22:5-24:47
40        android:name="sosxr.tutorialtemplate.com.DYNAMIC_RECEIVER_NOT_EXPORTED_PERMISSION"
40-->[androidx.core:core:1.9.0] AndroidManifest.xml:23:9-81
41        android:protectionLevel="signature" />
41-->[androidx.core:core:1.9.0] AndroidManifest.xml:24:9-44
42
43    <uses-permission android:name="sosxr.tutorialtemplate.com.DYNAMIC_RECEIVER_NOT_EXPORTED_PERMISSION" />
43-->[androidx.core:core:1.9.0] AndroidManifest.xml:26:5-97
43-->[androidx.core:core:1.9.0] AndroidManifest.xml:26:22-94
44
45    <application
45-->src/main/AndroidManifest.xml:3:3-83
46        android:appComponentFactory="androidx.core.app.CoreComponentFactory"
46-->[androidx.core:core:1.9.0] AndroidManifest.xml:28:18-86
47        android:enableOnBackInvokedCallback="false"
47-->[:unityLibrary] AndroidManifest.xml:25:9-52
48        android:extractNativeLibs="true"
49        android:icon="@mipmap/app_icon"
49-->src/main/AndroidManifest.xml:3:16-47
50        android:label="@string/app_name" >
50-->src/main/AndroidManifest.xml:3:48-80
51        <meta-data
51-->[:unityLibrary] AndroidManifest.xml:27:9-29:33
52            android:name="unity.splash-mode"
52-->[:unityLibrary] AndroidManifest.xml:28:13-45
53            android:value="0" />
53-->[:unityLibrary] AndroidManifest.xml:29:13-30
54        <meta-data
54-->[:unityLibrary] AndroidManifest.xml:30:9-32:36
55            android:name="unity.splash-enable"
55-->[:unityLibrary] AndroidManifest.xml:31:13-47
56            android:value="True" />
56-->[:unityLibrary] AndroidManifest.xml:32:13-33
57        <meta-data
57-->[:unityLibrary] AndroidManifest.xml:33:9-35:36
58            android:name="unity.launch-fullscreen"
58-->[:unityLibrary] AndroidManifest.xml:34:13-51
59            android:value="True" />
59-->[:unityLibrary] AndroidManifest.xml:35:13-33
60        <meta-data
60-->[:unityLibrary] AndroidManifest.xml:36:9-38:36
61            android:name="unity.render-outside-safearea"
61-->[:unityLibrary] AndroidManifest.xml:37:13-57
62            android:value="True" />
62-->[:unityLibrary] AndroidManifest.xml:38:13-33
63        <meta-data
63-->[:unityLibrary] AndroidManifest.xml:39:9-41:50
64            android:name="notch.config"
64-->[:unityLibrary] AndroidManifest.xml:40:13-40
65            android:value="portrait|landscape" />
65-->[:unityLibrary] AndroidManifest.xml:41:13-47
66        <meta-data
66-->[:unityLibrary] AndroidManifest.xml:42:9-44:36
67            android:name="unity.auto-report-fully-drawn"
67-->[:unityLibrary] AndroidManifest.xml:43:13-57
68            android:value="true" />
68-->[:unityLibrary] AndroidManifest.xml:44:13-33
69        <meta-data
69-->[:unityLibrary] AndroidManifest.xml:45:9-47:36
70            android:name="unity.auto-set-game-state"
70-->[:unityLibrary] AndroidManifest.xml:46:13-53
71            android:value="true" />
71-->[:unityLibrary] AndroidManifest.xml:47:13-33
72        <meta-data
72-->[:unityLibrary] AndroidManifest.xml:48:9-50:36
73            android:name="unity.strip-engine-code"
73-->[:unityLibrary] AndroidManifest.xml:49:13-51
74            android:value="true" />
74-->[:unityLibrary] AndroidManifest.xml:50:13-33
75
76        <activity
76-->[:unityLibrary] AndroidManifest.xml:52:9-85:20
77            android:name="com.unity3d.player.UnityPlayerGameActivity"
77-->[:unityLibrary] AndroidManifest.xml:53:13-70
78            android:configChanges="mcc|mnc|locale|touchscreen|keyboard|keyboardHidden|navigation|orientation|screenLayout|uiMode|screenSize|smallestScreenSize|fontScale|layoutDirection|density"
78-->[:unityLibrary] AndroidManifest.xml:54:13-194
79            android:enabled="true"
79-->[:unityLibrary] AndroidManifest.xml:55:13-35
80            android:exported="true"
80-->[:unityLibrary] AndroidManifest.xml:56:13-36
81            android:hardwareAccelerated="false"
81-->[:unityLibrary] AndroidManifest.xml:57:13-48
82            android:launchMode="singleTask"
82-->[:unityLibrary] AndroidManifest.xml:58:13-44
83            android:resizeableActivity="true"
83-->[:unityLibrary] AndroidManifest.xml:59:13-46
84            android:screenOrientation="fullUser"
84-->[:unityLibrary] AndroidManifest.xml:60:13-49
85            android:theme="@style/BaseUnityGameActivityTheme" >
85-->[:unityLibrary] AndroidManifest.xml:61:13-62
86            <intent-filter>
86-->[:unityLibrary] AndroidManifest.xml:62:13-68:29
87                <category android:name="android.intent.category.LAUNCHER" />
87-->[:unityLibrary] AndroidManifest.xml:63:17-77
87-->[:unityLibrary] AndroidManifest.xml:63:27-74
88
89                <action android:name="android.intent.action.MAIN" />
89-->[:unityLibrary] AndroidManifest.xml:65:17-69
89-->[:unityLibrary] AndroidManifest.xml:65:25-66
90
91                <category android:name="com.oculus.intent.category.VR" />
91-->[:unityLibrary] AndroidManifest.xml:67:17-74
91-->[:unityLibrary] AndroidManifest.xml:67:27-71
92            </intent-filter>
93
94            <meta-data
94-->[:unityLibrary] AndroidManifest.xml:70:13-72:40
95                android:name="unityplayer.UnityActivity"
95-->[:unityLibrary] AndroidManifest.xml:71:17-57
96                android:value="true" />
96-->[:unityLibrary] AndroidManifest.xml:72:17-37
97            <meta-data
97-->[:unityLibrary] AndroidManifest.xml:73:13-75:40
98                android:name="android.app.lib_name"
98-->[:unityLibrary] AndroidManifest.xml:74:17-52
99                android:value="game" />
99-->[:unityLibrary] AndroidManifest.xml:75:17-37
100            <meta-data
100-->[:unityLibrary] AndroidManifest.xml:76:13-78:71
101                android:name="WindowManagerPreference:FreeformWindowSize"
101-->[:unityLibrary] AndroidManifest.xml:77:17-74
102                android:value="@string/FreeformWindowSize_maximize" />
102-->[:unityLibrary] AndroidManifest.xml:78:17-68
103            <meta-data
103-->[:unityLibrary] AndroidManifest.xml:79:13-81:79
104                android:name="WindowManagerPreference:FreeformWindowOrientation"
104-->[:unityLibrary] AndroidManifest.xml:80:17-81
105                android:value="@string/FreeformWindowOrientation_landscape" />
105-->[:unityLibrary] AndroidManifest.xml:81:17-76
106            <meta-data
106-->[:unityLibrary] AndroidManifest.xml:82:13-84:40
107                android:name="notch_support"
107-->[:unityLibrary] AndroidManifest.xml:83:17-45
108                android:value="true" />
108-->[:unityLibrary] AndroidManifest.xml:84:17-37
109            <meta-data
109-->[:unityLibrary:xrmanifest.androidlib] AndroidManifest.xml:16:13-18:40
110                android:name="com.oculus.vr.focusaware"
110-->[:unityLibrary:xrmanifest.androidlib] AndroidManifest.xml:17:17-56
111                android:value="true" />
111-->[:unityLibrary:xrmanifest.androidlib] AndroidManifest.xml:18:17-37
112        </activity>
113
114        <meta-data
114-->[:unityLibrary:xrmanifest.androidlib] AndroidManifest.xml:21:9-23:59
115            android:name="com.oculus.supportedDevices"
115-->[:unityLibrary:xrmanifest.androidlib] AndroidManifest.xml:22:13-55
116            android:value="quest|quest2|cambria|eureka" />
116-->[:unityLibrary:xrmanifest.androidlib] AndroidManifest.xml:23:13-56
117
118        <provider
118-->[androidx.emoji2:emoji2:1.2.0] AndroidManifest.xml:24:9-32:20
119            android:name="androidx.startup.InitializationProvider"
119-->[androidx.emoji2:emoji2:1.2.0] AndroidManifest.xml:25:13-67
120            android:authorities="sosxr.tutorialtemplate.com.androidx-startup"
120-->[androidx.emoji2:emoji2:1.2.0] AndroidManifest.xml:26:13-68
121            android:exported="false" >
121-->[androidx.emoji2:emoji2:1.2.0] AndroidManifest.xml:27:13-37
122            <meta-data
122-->[androidx.emoji2:emoji2:1.2.0] AndroidManifest.xml:29:13-31:52
123                android:name="androidx.emoji2.text.EmojiCompatInitializer"
123-->[androidx.emoji2:emoji2:1.2.0] AndroidManifest.xml:30:17-75
124                android:value="androidx.startup" />
124-->[androidx.emoji2:emoji2:1.2.0] AndroidManifest.xml:31:17-49
125            <meta-data
125-->[androidx.lifecycle:lifecycle-process:2.4.1] AndroidManifest.xml:31:13-33:52
126                android:name="androidx.lifecycle.ProcessLifecycleInitializer"
126-->[androidx.lifecycle:lifecycle-process:2.4.1] AndroidManifest.xml:32:17-78
127                android:value="androidx.startup" />
127-->[androidx.lifecycle:lifecycle-process:2.4.1] AndroidManifest.xml:33:17-49
128        </provider>
129    </application>
130
131</manifest>